<?xml version="1.0" encoding="UTF-8"?>
<!-- Generated by org.testng.reporters.JUnitXMLReporter -->
<testsuite ignored="0" hostname="Ashish" failures="0" tests="5" name="Surefire test" time="51.228" errors="0" timestamp="2023-07-14T22:09:28 IST">
  <testcase classname="crm.tests.ContactsPageTests" name="ValidateCreateContact" time="4.055"/>
  <testcase classname="crm.tests.ContactsPageTests" name="ValidateCreateContact" time="4.11"/>
  <testcase classname="crm.tests.ContactsPageTests" name="ValidateCreateContact" time="3.99"/>
  <testcase classname="crm.tests.LoginPageTests" name="validateLoginPageTitle" time="0.012"/>
  <testcase classname="crm.tests.LoginPageTests" name="loginCheck" time="0.306"/>
</testsuite> <!-- Surefire test -->
