<?xml version="1.0" encoding="UTF-8"?>
<!-- Generated by org.testng.reporters.JUnitXMLReporter -->
<testsuite ignored="0" hostname="Ashish" failures="0" tests="3" name="Default test" time="35.03" errors="0" timestamp="2023-07-13T22:12:08 IST">
  <testcase classname="crm.tests.ContactsPageTests" name="ValidateCreateContact" time="3.959"/>
  <testcase classname="crm.tests.ContactsPageTests" name="ValidateCreateContact" time="4.354"/>
  <testcase classname="crm.tests.ContactsPageTests" name="ValidateCreateContact" time="4.214"/>
</testsuite> <!-- Default test -->
