<?xml version="1.0" encoding="UTF-8"?>
<!-- Generated by org.testng.reporters.JUnitXMLReporter -->
<testsuite ignored="0" hostname="Ashish" failures="0" tests="3" name="Free CRM Tests" time="34.623" errors="0" timestamp="2023-07-14T20:46:03 IST">
  <testcase classname="crm.tests.ContactsPageTests" name="ValidateCreateContact" time="4.168"/>
  <testcase classname="crm.tests.ContactsPageTests" name="ValidateCreateContact" time="4.013"/>
  <testcase classname="crm.tests.ContactsPageTests" name="ValidateCreateContact" time="4.223"/>
</testsuite> <!-- Free CRM Tests -->
