<?xml version="1.0" encoding="UTF-8"?>
<testng-results ignored="0" total="3" passed="3" failed="0" skipped="0">
  <reporter-output>
  </reporter-output>
  <suite started-at="2023-07-14T20:45:28 IST" name="FreeCRM" finished-at="2023-07-14T20:46:03 IST" duration-ms="34623">
    <groups>
    </groups>
    <test started-at="2023-07-14T20:45:28 IST" name="Free CRM Tests" finished-at="2023-07-14T20:46:03 IST" duration-ms="34623">
      <class name="crm.tests.ContactsPageTests">
        <test-method is-config="true" signature="setup()[pri:0, instance:crm.tests.ContactsPageTests@1b11171f]" started-at="2023-07-14T20:45:29 IST" name="setup" finished-at="2023-07-14T20:45:37 IST" duration-ms="7827" status="PASS">
          <reporter-output>
          </reporter-output>
        </test-method> <!-- setup -->
        <test-method signature="ValidateCreateContact(java.lang.String,java.lang.String)[pri:1, instance:crm.tests.ContactsPageTests@1b11171f]" started-at="2023-07-14T20:45:37 IST" name="ValidateCreateContact" data-provider="getCRMTestData" finished-at="2023-07-14T20:45:41 IST" duration-ms="4168" status="PASS">
          <params>
            <param index="0">
              <value>
                <![CDATA[Aman1]]>
              </value>
            </param>
            <param index="1">
              <value>
                <![CDATA[Verma]]>
              </value>
            </param>
          </params>
          <reporter-output>
          </reporter-output>
        </test-method> <!-- ValidateCreateContact -->
        <test-method is-config="true" signature="tearDown()[pri:0, instance:crm.tests.ContactsPageTests@1b11171f]" started-at="2023-07-14T20:45:41 IST" name="tearDown" finished-at="2023-07-14T20:45:41 IST" duration-ms="199" status="PASS">
          <reporter-output>
          </reporter-output>
        </test-method> <!-- tearDown -->
        <test-method is-config="true" signature="setup()[pri:0, instance:crm.tests.ContactsPageTests@1b11171f]" started-at="2023-07-14T20:45:41 IST" name="setup" finished-at="2023-07-14T20:45:47 IST" duration-ms="6534" status="PASS">
          <reporter-output>
          </reporter-output>
        </test-method> <!-- setup -->
        <test-method signature="ValidateCreateContact(java.lang.String,java.lang.String)[pri:1, instance:crm.tests.ContactsPageTests@1b11171f]" started-at="2023-07-14T20:45:47 IST" name="ValidateCreateContact" data-provider="getCRMTestData" finished-at="2023-07-14T20:45:51 IST" duration-ms="4013" status="PASS">
          <params>
            <param index="0">
              <value>
                <![CDATA[Sandeep1]]>
              </value>
            </param>
            <param index="1">
              <value>
                <![CDATA[Sharma]]>
              </value>
            </param>
          </params>
          <reporter-output>
          </reporter-output>
        </test-method> <!-- ValidateCreateContact -->
        <test-method is-config="true" signature="tearDown()[pri:0, instance:crm.tests.ContactsPageTests@1b11171f]" started-at="2023-07-14T20:45:51 IST" name="tearDown" finished-at="2023-07-14T20:45:52 IST" duration-ms="213" status="PASS">
          <reporter-output>
          </reporter-output>
        </test-method> <!-- tearDown -->
        <test-method is-config="true" signature="setup()[pri:0, instance:crm.tests.ContactsPageTests@1b11171f]" started-at="2023-07-14T20:45:52 IST" name="setup" finished-at="2023-07-14T20:45:58 IST" duration-ms="6402" status="PASS">
          <reporter-output>
          </reporter-output>
        </test-method> <!-- setup -->
        <test-method signature="ValidateCreateContact(java.lang.String,java.lang.String)[pri:1, instance:crm.tests.ContactsPageTests@1b11171f]" started-at="2023-07-14T20:45:58 IST" name="ValidateCreateContact" data-provider="getCRMTestData" finished-at="2023-07-14T20:46:02 IST" duration-ms="4223" status="PASS">
          <params>
            <param index="0">
              <value>
                <![CDATA[Mayank1]]>
              </value>
            </param>
            <param index="1">
              <value>
                <![CDATA[Sharma]]>
              </value>
            </param>
          </params>
          <reporter-output>
          </reporter-output>
        </test-method> <!-- ValidateCreateContact -->
        <test-method is-config="true" signature="tearDown()[pri:0, instance:crm.tests.ContactsPageTests@1b11171f]" started-at="2023-07-14T20:46:02 IST" name="tearDown" finished-at="2023-07-14T20:46:03 IST" duration-ms="254" status="PASS">
          <reporter-output>
          </reporter-output>
        </test-method> <!-- tearDown -->
      </class> <!-- crm.tests.ContactsPageTests -->
    </test> <!-- Free CRM Tests -->
  </suite> <!-- FreeCRM -->
</testng-results>
